{"total": {"lines":{"total":154,"covered":154,"skipped":0,"pct":100},"statements":{"total":159,"covered":159,"skipped":0,"pct":100},"functions":{"total":62,"covered":62,"skipped":0,"pct":100},"branches":{"total":78,"covered":75,"skipped":0,"pct":96.15},"branchesTrue":{"total":0,"covered":0,"skipped":0,"pct":100}}
,"/Users/amartineau/Projects/libs/url-builder/src/index.ts": {"lines":{"total":0,"covered":0,"skipped":0,"pct":0},"functions":{"total":0,"covered":0,"skipped":0,"pct":0},"statements":{"total":0,"covered":0,"skipped":0,"pct":0},"branches":{"total":0,"covered":0,"skipped":0,"pct":0}}
,"/Users/amartineau/Projects/libs/url-builder/src/types.ts": {"lines":{"total":0,"covered":0,"skipped":0,"pct":0},"functions":{"total":0,"covered":0,"skipped":0,"pct":0},"statements":{"total":0,"covered":0,"skipped":0,"pct":0},"branches":{"total":0,"covered":0,"skipped":0,"pct":0}}
,"/Users/amartineau/Projects/libs/url-builder/src/url-builder.ts": {"lines":{"total":112,"covered":112,"skipped":0,"pct":100},"functions":{"total":40,"covered":40,"skipped":0,"pct":100},"statements":{"total":115,"covered":115,"skipped":0,"pct":100},"branches":{"total":64,"covered":61,"skipped":0,"pct":95.31}}
,"/Users/amartineau/Projects/libs/url-builder/src/url.constants.ts": {"lines":{"total":6,"covered":6,"skipped":0,"pct":100},"functions":{"total":1,"covered":1,"skipped":0,"pct":100},"statements":{"total":6,"covered":6,"skipped":0,"pct":100},"branches":{"total":2,"covered":2,"skipped":0,"pct":100}}
,"/Users/amartineau/Projects/libs/url-builder/src/url.utils.ts": {"lines":{"total":12,"covered":12,"skipped":0,"pct":100},"functions":{"total":6,"covered":6,"skipped":0,"pct":100},"statements":{"total":12,"covered":12,"skipped":0,"pct":100},"branches":{"total":6,"covered":6,"skipped":0,"pct":100}}
,"/Users/amartineau/Projects/libs/url-builder/src/enums/scheme.enum.ts": {"lines":{"total":3,"covered":3,"skipped":0,"pct":100},"functions":{"total":1,"covered":1,"skipped":0,"pct":100},"statements":{"total":4,"covered":4,"skipped":0,"pct":100},"branches":{"total":2,"covered":2,"skipped":0,"pct":100}}
,"/Users/amartineau/Projects/libs/url-builder/src/maps/params.ts": {"lines":{"total":16,"covered":16,"skipped":0,"pct":100},"functions":{"total":10,"covered":10,"skipped":0,"pct":100},"statements":{"total":17,"covered":17,"skipped":0,"pct":100},"branches":{"total":2,"covered":2,"skipped":0,"pct":100}}
,"/Users/amartineau/Projects/libs/url-builder/src/maps/path-params.ts": {"lines":{"total":1,"covered":1,"skipped":0,"pct":100},"functions":{"total":1,"covered":1,"skipped":0,"pct":100},"statements":{"total":1,"covered":1,"skipped":0,"pct":100},"branches":{"total":0,"covered":0,"skipped":0,"pct":100}}
,"/Users/amartineau/Projects/libs/url-builder/src/maps/query-params.ts": {"lines":{"total":4,"covered":4,"skipped":0,"pct":100},"functions":{"total":3,"covered":3,"skipped":0,"pct":100},"statements":{"total":4,"covered":4,"skipped":0,"pct":100},"branches":{"total":2,"covered":2,"skipped":0,"pct":100}}
}
