{"total": {"lines":{"total":333,"covered":185,"skipped":0,"pct":55.55},"statements":{"total":333,"covered":185,"skipped":0,"pct":55.55},"functions":{"total":38,"covered":5,"skipped":0,"pct":13.15},"branches":{"total":20,"covered":17,"skipped":0,"pct":85},"branchesTrue":{"total":0,"covered":0,"skipped":0,"pct":100}}
,"G:\\Dev\\Librairies\\JS\\url-builder\\src\\index.ts": {"lines":{"total":1,"covered":1,"skipped":0,"pct":100},"functions":{"total":1,"covered":1,"skipped":0,"pct":100},"statements":{"total":1,"covered":1,"skipped":0,"pct":100},"branches":{"total":1,"covered":1,"skipped":0,"pct":100}}
,"G:\\Dev\\Librairies\\JS\\url-builder\\src\\url-builder.ts": {"lines":{"total":323,"covered":175,"skipped":0,"pct":54.17},"functions":{"total":37,"covered":4,"skipped":0,"pct":10.81},"statements":{"total":323,"covered":175,"skipped":0,"pct":54.17},"branches":{"total":17,"covered":14,"skipped":0,"pct":82.35}}
,"G:\\Dev\\Librairies\\JS\\url-builder\\src\\url.constants.ts": {"lines":{"total":5,"covered":5,"skipped":0,"pct":100},"functions":{"total":0,"covered":0,"skipped":0,"pct":100},"statements":{"total":5,"covered":5,"skipped":0,"pct":100},"branches":{"total":1,"covered":1,"skipped":0,"pct":100}}
,"G:\\Dev\\Librairies\\JS\\url-builder\\src\\enums\\scheme.enum.ts": {"lines":{"total":4,"covered":4,"skipped":0,"pct":100},"functions":{"total":0,"covered":0,"skipped":0,"pct":100},"statements":{"total":4,"covered":4,"skipped":0,"pct":100},"branches":{"total":1,"covered":1,"skipped":0,"pct":100}}
}
