TN:
SF:src/url-builder.ts
FN:9,UrlBuilder
FN:24,createFromUrl
FN:59,copy
FN:72,compareTo
FN:81,compareToPathBySegment
FN:97,getScheme
FN:101,setScheme
FN:106,getHost
FN:110,setHost
FN:115,getPort
FN:119,setPort
FN:124,getPathSegments
FN:128,setPathSegments
FN:133,addPath
FN:138,getPathParams
FN:142,setPathParams
FN:147,getQueryParams
FN:151,setQueryParams
FN:156,addQueryParam
FN:161,setFilename
FN:166,setFile
FN:171,getFile
FN:175,getFragment
FN:179,setFragment
FN:188,mergePathWith
FN:200,getFirstPathSegment
FN:207,getLastPathSegment
FN:215,getParent
FN:230,getBetween2Segments
FN:245,getRelativePath
FN:269,toString
FN:281,propertyMapping
FNF:32
FNH:32
FNDA:50,UrlBuilder
FNDA:23,createFromUrl
FNDA:6,copy
FNDA:4,compareTo
FNDA:5,compareToPathBySegment
FNDA:1,getScheme
FNDA:1,setScheme
FNDA:1,getHost
FNDA:1,setHost
FNDA:1,getPort
FNDA:1,setPort
FNDA:4,getPathSegments
FNDA:3,setPathSegments
FNDA:13,addPath
FNDA:6,getPathParams
FNDA:2,setPathParams
FNDA:11,getQueryParams
FNDA:2,setQueryParams
FNDA:1,addQueryParam
FNDA:2,setFilename
FNDA:2,setFile
FNDA:9,getFile
FNDA:2,getFragment
FNDA:2,setFragment
FNDA:1,mergePathWith
FNDA:1,getFirstPathSegment
FNDA:1,getLastPathSegment
FNDA:4,getParent
FNDA:2,getBetween2Segments
FNDA:33,getRelativePath
FNDA:10,toString
FNDA:37,propertyMapping
DA:1,1
DA:2,1
DA:3,1
DA:4,1
DA:5,1
DA:6,1
DA:7,1
DA:8,1
DA:9,50
DA:10,50
DA:11,50
DA:12,50
DA:13,50
DA:14,50
DA:15,50
DA:16,50
DA:17,50
DA:18,50
DA:19,50
DA:20,50
DA:21,50
DA:22,50
DA:23,50
DA:24,50
DA:25,23
DA:26,23
DA:27,23
DA:28,23
DA:29,23
DA:30,12
DA:31,12
DA:32,23
DA:33,23
DA:34,23
DA:35,23
DA:36,3
DA:37,3
DA:38,23
DA:39,23
DA:40,23
DA:41,2
DA:42,2
DA:43,1
DA:44,1
DA:45,2
DA:46,23
DA:47,23
DA:48,23
DA:49,23
DA:50,5
DA:51,5
DA:52,23
DA:53,23
DA:54,23
DA:55,23
DA:56,23
DA:57,23
DA:58,50
DA:59,50
DA:60,6
DA:61,6
DA:62,37
DA:63,37
DA:64,6
DA:65,6
DA:66,50
DA:67,50
DA:68,50
DA:69,50
DA:70,50
DA:71,50
DA:72,50
DA:73,4
DA:74,4
DA:75,50
DA:76,50
DA:77,50
DA:78,50
DA:79,50
DA:80,50
DA:81,50
DA:82,5
DA:83,5
DA:84,13
DA:85,2
DA:86,2
DA:87,13
DA:88,2
DA:89,2
DA:90,2
DA:91,9
DA:92,5
DA:93,5
DA:94,5
DA:95,5
DA:96,50
DA:97,50
DA:98,1
DA:99,1
DA:100,50
DA:101,50
DA:102,1
DA:103,1
DA:104,1
DA:105,50
DA:106,50
DA:107,1
DA:108,1
DA:109,50
DA:110,50
DA:111,1
DA:112,1
DA:113,1
DA:114,50
DA:115,50
DA:116,1
DA:117,1
DA:118,50
DA:119,50
DA:120,1
DA:121,1
DA:122,1
DA:123,50
DA:124,50
DA:125,4
DA:126,4
DA:127,50
DA:128,50
DA:129,3
DA:130,3
DA:131,3
DA:132,50
DA:133,50
DA:134,13
DA:135,13
DA:136,13
DA:137,50
DA:138,50
DA:139,6
DA:140,6
DA:141,50
DA:142,50
DA:143,2
DA:144,2
DA:145,2
DA:146,50
DA:147,50
DA:148,11
DA:149,11
DA:150,50
DA:151,50
DA:152,2
DA:153,2
DA:154,2
DA:155,50
DA:156,50
DA:157,1
DA:158,1
DA:159,1
DA:160,50
DA:161,50
DA:162,2
DA:163,2
DA:164,2
DA:165,50
DA:166,50
DA:167,2
DA:168,2
DA:169,2
DA:170,50
DA:171,50
DA:172,9
DA:173,9
DA:174,50
DA:175,50
DA:176,2
DA:177,2
DA:178,50
DA:179,50
DA:180,2
DA:181,2
DA:182,2
DA:183,50
DA:184,50
DA:185,50
DA:186,50
DA:187,50
DA:188,50
DA:189,1
DA:190,1
DA:191,1
DA:192,1
DA:193,1
DA:194,1
DA:195,1
DA:196,50
DA:197,50
DA:198,50
DA:199,50
DA:200,50
DA:201,1
DA:202,1
DA:203,50
DA:204,50
DA:205,50
DA:206,50
DA:207,50
DA:208,1
DA:209,1
DA:210,50
DA:211,50
DA:212,50
DA:213,50
DA:214,50
DA:215,50
DA:216,4
DA:217,4
DA:218,4
DA:219,4
DA:220,4
DA:221,4
DA:222,4
DA:223,4
DA:224,50
DA:225,50
DA:226,50
DA:227,50
DA:228,50
DA:229,50
DA:230,50
DA:231,2
DA:232,2
DA:233,2
DA:234,2
DA:235,1
DA:236,1
DA:237,1
DA:238,1
DA:239,50
DA:240,50
DA:241,50
DA:242,50
DA:243,50
DA:244,50
DA:245,50
DA:246,33
DA:247,33
DA:248,33
DA:249,74
DA:250,74
DA:251,74
DA:252,74
DA:253,18
DA:254,18
DA:255,74
DA:256,74
DA:257,74
DA:258,33
DA:259,33
DA:260,33
DA:261,33
DA:262,33
DA:263,33
DA:264,33
DA:265,50
DA:266,50
DA:267,50
DA:268,50
DA:269,50
DA:270,10
DA:271,10
DA:272,10
DA:273,3
DA:274,3
DA:275,10
DA:276,10
DA:277,10
DA:278,10
DA:279,10
DA:280,50
DA:281,50
DA:282,37
DA:283,37
DA:284,6
DA:285,37
DA:286,37
DA:287,6
DA:288,37
DA:289,37
DA:290,6
DA:291,37
DA:292,37
DA:293,1
DA:294,37
DA:295,37
DA:296,18
DA:297,37
DA:298,37
DA:299,50
LF:299
LH:299
BRDA:9,0,0,50
BRDA:24,1,0,23
BRDA:29,2,0,12
BRDA:35,3,0,3
BRDA:40,4,0,2
BRDA:40,5,0,2
BRDA:40,6,0,2
BRDA:42,7,0,1
BRDA:49,8,0,5
BRDA:59,9,0,6
BRDA:61,10,0,37
BRDA:72,11,0,4
BRDA:73,12,0,2
BRDA:73,13,0,3
BRDA:73,14,0,2
BRDA:81,15,0,5
BRDA:94,16,0,3
BRDA:83,17,0,13
BRDA:84,18,0,2
BRDA:87,19,0,11
BRDA:87,20,0,2
BRDA:89,21,0,1
BRDA:91,22,0,9
BRDA:94,23,0,8
BRDA:97,24,0,1
BRDA:101,25,0,1
BRDA:106,26,0,1
BRDA:110,27,0,1
BRDA:115,28,0,1
BRDA:119,29,0,1
BRDA:124,30,0,4
BRDA:128,31,0,3
BRDA:130,32,0,1
BRDA:130,33,0,2
BRDA:133,34,0,13
BRDA:135,35,0,4
BRDA:135,36,0,9
BRDA:138,37,0,6
BRDA:142,38,0,2
BRDA:147,39,0,11
BRDA:151,40,0,2
BRDA:156,41,0,1
BRDA:161,42,0,2
BRDA:166,43,0,2
BRDA:171,44,0,9
BRDA:175,45,0,2
BRDA:179,46,0,2
BRDA:188,47,0,1
BRDA:200,48,0,1
BRDA:201,49,0,0
BRDA:207,50,0,1
BRDA:208,51,0,0
BRDA:215,52,0,4
BRDA:222,53,0,2
BRDA:222,54,0,2
BRDA:230,55,0,2
BRDA:234,56,0,1
BRDA:234,57,0,1
BRDA:231,58,0,4
BRDA:232,59,0,6
BRDA:245,60,0,33
BRDA:248,61,0,74
BRDA:252,62,0,18
BRDA:259,63,0,31
BRDA:259,64,0,2
BRDA:260,65,0,2
BRDA:260,66,0,31
BRDA:262,67,0,17
BRDA:262,68,0,16
BRDA:263,69,0,11
BRDA:263,70,0,2
BRDA:263,71,0,31
BRDA:250,72,0,59
BRDA:269,73,0,10
BRDA:270,74,0,7
BRDA:270,75,0,3
BRDA:272,76,0,3
BRDA:277,77,0,20
BRDA:281,78,0,37
BRDA:283,79,0,6
BRDA:286,80,0,6
BRDA:289,81,0,6
BRDA:292,82,0,1
BRDA:295,83,0,18
BRF:84
BRH:82
end_of_record
TN:
SF:src/url.constants.ts
FNF:0
FNH:0
DA:1,2
DA:2,2
DA:3,2
DA:4,2
DA:5,2
DA:6,2
DA:7,2
LF:7
LH:7
BRDA:1,0,0,2
BRF:1
BRH:1
end_of_record
TN:
SF:src/url.utils.ts
FN:9,Object.<anonymous>.UrlUtils.splitPath
FN:19,Object.<anonymous>.UrlUtils.trimPath
FN:27,Object.<anonymous>.UrlUtils.parseFile
FNF:3
FNH:3
FNDA:43,Object.<anonymous>.UrlUtils.splitPath
FNDA:1,Object.<anonymous>.UrlUtils.trimPath
FNDA:6,Object.<anonymous>.UrlUtils.parseFile
DA:1,1
DA:2,1
DA:3,1
DA:4,2
DA:5,2
DA:6,2
DA:7,2
DA:8,2
DA:9,2
DA:10,43
DA:11,43
DA:12,43
DA:13,43
DA:14,2
DA:15,2
DA:16,2
DA:17,2
DA:18,2
DA:19,2
DA:20,1
DA:21,1
DA:22,2
DA:23,2
DA:24,2
DA:25,2
DA:26,2
DA:27,2
DA:28,6
DA:29,6
DA:30,4
DA:31,4
DA:32,4
DA:33,4
DA:34,4
DA:35,2
DA:36,2
DA:37,2
LF:37
LH:37
BRDA:4,0,0,2
BRDA:9,1,0,43
BRDA:11,2,0,124
BRDA:12,3,0,90
BRDA:19,4,0,1
BRDA:27,5,0,6
BRDA:29,6,0,4
BRDA:29,7,0,5
BRDA:29,8,0,4
BRDA:35,9,0,2
BRF:10
BRH:10
end_of_record
TN:
SF:src/enums/scheme.enum.ts
FNF:0
FNH:0
DA:1,1
DA:2,1
DA:3,1
DA:4,1
LF:4
LH:4
BRDA:1,0,0,1
BRF:1
BRH:1
end_of_record
TN:
SF:src/maps/params.ts
FN:7,Params
FN:16,getAll
FN:25,add
FN:36,addAll
FN:47,setAll
FN:58,deleteBy
FN:65,getBaseUrl
FNF:7
FNH:7
FNDA:122,Params
FNDA:1,getAll
FNDA:24,add
FNDA:10,addAll
FNDA:6,setAll
FNDA:1,deleteBy
FNDA:11,getBaseUrl
DA:1,1
DA:2,1
DA:3,1
DA:4,1
DA:5,1
DA:6,1
DA:7,1
DA:8,122
DA:9,122
DA:10,122
DA:11,122
DA:12,1
DA:13,1
DA:14,1
DA:15,1
DA:16,1
DA:17,1
DA:18,1
DA:19,1
DA:20,1
DA:21,1
DA:22,1
DA:23,1
DA:24,1
DA:25,1
DA:26,24
DA:27,19
DA:28,19
DA:29,24
DA:30,24
DA:31,1
DA:32,1
DA:33,1
DA:34,1
DA:35,1
DA:36,1
DA:37,10
DA:38,10
DA:39,10
DA:40,10
DA:41,10
DA:42,1
DA:43,1
DA:44,1
DA:45,1
DA:46,1
DA:47,1
DA:48,6
DA:49,6
DA:50,6
DA:51,6
DA:52,6
DA:53,1
DA:54,1
DA:55,1
DA:56,1
DA:57,1
DA:58,1
DA:59,1
DA:60,1
DA:61,1
DA:62,1
DA:63,1
DA:64,1
DA:65,1
DA:66,11
DA:67,11
DA:68,1
LF:68
LH:68
BRDA:7,0,0,122
BRDA:16,1,0,1
BRDA:25,2,0,24
BRDA:26,3,0,19
BRDA:36,4,0,10
BRDA:38,5,0,18
BRDA:47,6,0,6
BRDA:49,7,0,14
BRDA:58,8,0,1
BRDA:60,9,0,2
BRDA:65,10,0,11
BRF:11
BRH:11
end_of_record
TN:
SF:src/maps/path-params.ts
FN:10,filter
FNF:1
FNH:1
FNDA:1,filter
DA:1,1
DA:2,1
DA:3,1
DA:4,1
DA:5,1
DA:6,1
DA:7,1
DA:8,1
DA:9,1
DA:10,1
DA:11,1
DA:12,1
DA:13,1
LF:13
LH:13
BRDA:10,0,0,1
BRF:1
BRH:1
end_of_record
TN:
SF:src/maps/query-params.ts
FN:10,filter
FN:17,toString
FNF:2
FNH:2
FNDA:1,filter
FNDA:17,toString
DA:1,1
DA:2,1
DA:3,1
DA:4,1
DA:5,1
DA:6,1
DA:7,1
DA:8,1
DA:9,1
DA:10,1
DA:11,1
DA:12,1
DA:13,1
DA:14,1
DA:15,1
DA:16,1
DA:17,1
DA:18,17
DA:19,17
DA:20,17
DA:21,17
DA:22,17
DA:23,1
LF:23
LH:23
BRDA:10,0,0,1
BRDA:17,1,0,17
BRDA:21,2,0,11
BRDA:21,3,0,6
BRDA:19,4,0,17
BRF:5
BRH:5
end_of_record
