TN:
SF:src\index.ts
FN:1,get
FNF:1
FNH:1
FNDA:29,get
DA:1,1
LF:1
LH:1
BRDA:1,0,0,29
BRF:1
BRH:1
end_of_record
TN:
SF:src\url-builder.ts
FN:4,UrlBuilder
FN:12,createFromUrl
FN:38,splitPath
FN:42,trimPath
FN:46,compareTo
FN:50,getScheme
FN:54,setScheme
FN:59,getHost
FN:63,setHost
FN:68,getPort
FN:72,setPort
FN:77,getPathSegments
FN:81,setPathSegments
FN:86,addPath
FN:91,getParams
FN:95,setParams
FN:100,addParam
FN:105,addParams
FN:112,getQuery
FN:116,setQuery
FN:121,addQuery
FN:126,addQueries
FN:133,mergePathWith
FN:141,getFirstPath
FN:145,getLastPath
FN:149,getParent
FN:160,getBetween2Words
FN:170,getRelativePath
FN:188,getQueryString
FN:198,toString
FNF:30
FNH:30
FNDA:32,UrlBuilder
FNDA:15,createFromUrl
FNDA:26,splitPath
FNDA:1,trimPath
FNDA:4,compareTo
FNDA:1,getScheme
FNDA:1,setScheme
FNDA:1,getHost
FNDA:1,setHost
FNDA:1,getPort
FNDA:1,setPort
FNDA:2,getPathSegments
FNDA:3,setPathSegments
FNDA:10,addPath
FNDA:2,getParams
FNDA:2,setParams
FNDA:1,addParam
FNDA:5,addParams
FNDA:2,getQuery
FNDA:2,setQuery
FNDA:3,addQuery
FNDA:2,addQueries
FNDA:1,mergePathWith
FNDA:1,getFirstPath
FNDA:1,getLastPath
FNDA:4,getParent
FNDA:2,getBetween2Words
FNDA:25,getRelativePath
FNDA:36,getQueryString
FNDA:11,toString
DA:1,1
DA:2,1
DA:3,1
DA:4,32
DA:5,32
DA:6,32
DA:7,32
DA:8,32
DA:9,32
DA:10,32
DA:11,32
DA:12,32
DA:13,15
DA:14,15
DA:15,15
DA:16,15
DA:17,15
DA:18,4
DA:19,4
DA:20,15
DA:21,15
DA:22,15
DA:23,15
DA:24,2
DA:25,2
DA:26,15
DA:27,15
DA:28,15
DA:29,15
DA:30,15
DA:31,3
DA:32,3
DA:33,15
DA:34,15
DA:35,15
DA:36,15
DA:37,32
DA:38,32
DA:39,26
DA:40,26
DA:41,32
DA:42,32
DA:43,1
DA:44,1
DA:45,32
DA:46,32
DA:47,4
DA:48,4
DA:49,32
DA:50,32
DA:51,1
DA:52,1
DA:53,32
DA:54,32
DA:55,1
DA:56,1
DA:57,1
DA:58,32
DA:59,32
DA:60,1
DA:61,1
DA:62,32
DA:63,32
DA:64,1
DA:65,1
DA:66,1
DA:67,32
DA:68,32
DA:69,1
DA:70,1
DA:71,32
DA:72,32
DA:73,1
DA:74,1
DA:75,1
DA:76,32
DA:77,32
DA:78,2
DA:79,2
DA:80,32
DA:81,32
DA:82,3
DA:83,3
DA:84,3
DA:85,32
DA:86,32
DA:87,10
DA:88,10
DA:89,10
DA:90,32
DA:91,32
DA:92,2
DA:93,2
DA:94,32
DA:95,32
DA:96,2
DA:97,2
DA:98,2
DA:99,32
DA:100,32
DA:101,1
DA:102,1
DA:103,1
DA:104,32
DA:105,32
DA:106,5
DA:107,8
DA:108,8
DA:109,5
DA:110,5
DA:111,32
DA:112,32
DA:113,2
DA:114,2
DA:115,32
DA:116,32
DA:117,2
DA:118,2
DA:119,2
DA:120,32
DA:121,32
DA:122,3
DA:123,3
DA:124,3
DA:125,32
DA:126,32
DA:127,2
DA:128,4
DA:129,4
DA:130,2
DA:131,2
DA:132,32
DA:133,32
DA:134,1
DA:135,1
DA:136,1
DA:137,1
DA:138,1
DA:139,1
DA:140,32
DA:141,32
DA:142,1
DA:143,1
DA:144,32
DA:145,32
DA:146,1
DA:147,1
DA:148,32
DA:149,32
DA:150,4
DA:151,4
DA:152,4
DA:153,4
DA:154,4
DA:155,4
DA:156,4
DA:157,4
DA:158,4
DA:159,32
DA:160,32
DA:161,2
DA:162,2
DA:163,2
DA:164,2
DA:165,1
DA:166,1
DA:167,1
DA:168,1
DA:169,32
DA:170,32
DA:171,25
DA:172,25
DA:173,25
DA:174,60
DA:175,60
DA:176,60
DA:177,7
DA:178,7
DA:179,60
DA:180,60
DA:181,60
DA:182,25
DA:183,25
DA:184,25
DA:185,25
DA:186,25
DA:187,32
DA:188,32
DA:189,36
DA:190,36
DA:191,36
DA:192,14
DA:193,36
DA:194,36
DA:195,36
DA:196,36
DA:197,32
DA:198,32
DA:199,11
DA:200,11
DA:201,11
DA:202,3
DA:203,3
DA:204,11
DA:205,11
DA:206,11
DA:207,11
DA:208,11
DA:209,32
LF:209
LH:209
BRDA:4,0,0,32
BRDA:12,1,0,15
BRDA:17,2,0,4
BRDA:23,3,0,2
BRDA:30,4,0,3
BRDA:38,5,0,26
BRDA:39,6,0,83
BRDA:42,7,0,1
BRDA:46,8,0,4
BRDA:47,9,0,2
BRDA:47,10,0,3
BRDA:47,11,0,2
BRDA:50,12,0,1
BRDA:54,13,0,1
BRDA:59,14,0,1
BRDA:63,15,0,1
BRDA:68,16,0,1
BRDA:72,17,0,1
BRDA:77,18,0,2
BRDA:81,19,0,3
BRDA:83,20,0,1
BRDA:83,21,0,2
BRDA:86,22,0,10
BRDA:88,23,0,2
BRDA:88,24,0,8
BRDA:91,25,0,2
BRDA:95,26,0,2
BRDA:100,27,0,1
BRDA:105,28,0,5
BRDA:106,29,0,8
BRDA:112,30,0,2
BRDA:116,31,0,2
BRDA:121,32,0,3
BRDA:126,33,0,2
BRDA:127,34,0,4
BRDA:133,35,0,1
BRDA:141,36,0,1
BRDA:145,37,0,1
BRDA:149,38,0,4
BRDA:157,39,0,2
BRDA:157,40,0,2
BRDA:153,41,0,9
BRDA:160,42,0,2
BRDA:164,43,0,1
BRDA:164,44,0,1
BRDA:161,45,0,4
BRDA:162,46,0,6
BRDA:170,47,0,25
BRDA:173,48,0,60
BRDA:176,49,0,7
BRDA:183,50,0,23
BRDA:183,51,0,2
BRDA:185,52,0,2
BRDA:185,53,0,2
BRDA:185,54,0,23
BRDA:188,55,0,36
BRDA:195,56,0,11
BRDA:195,57,0,25
BRDA:191,58,0,14
BRDA:198,59,0,11
BRDA:199,60,0,4
BRDA:199,61,0,7
BRDA:201,62,0,3
BRDA:206,63,0,33
BRF:64
BRH:64
end_of_record
TN:
SF:src\enums\scheme.enum.ts
FNF:0
FNH:0
DA:1,1
DA:2,1
DA:3,1
DA:4,1
LF:4
LH:4
BRDA:1,0,0,1
BRF:1
BRH:1
end_of_record
